<?xml version="1.0" encoding="UTF-8"?>
<coverage generated="1661986072653" clover="3.2.0">
  <project timestamp="1661986072653" name="All files">
    <metrics statements="26" coveredstatements="22" conditionals="11" coveredconditionals="6" methods="6" coveredmethods="5" elements="43" coveredelements="33" complexity="0" loc="26" ncloc="26" packages="4" files="4" classes="4"/>
    <package name="wonderWeather">
      <metrics statements="17" coveredstatements="13" conditionals="9" coveredconditionals="4" methods="3" coveredmethods="2"/>
      <file name="App.js" path="/Users/eliseodiazmedina/Workspace/react-native/wonderWeather/App.js">
        <metrics statements="17" coveredstatements="13" conditionals="9" coveredconditionals="4" methods="3" coveredmethods="2"/>
        <line num="19" count="1" type="stmt"/>
        <line num="20" count="2" type="stmt"/>
        <line num="21" count="2" type="stmt"/>
        <line num="22" count="2" type="stmt"/>
        <line num="23" count="2" type="stmt"/>
        <line num="24" count="2" type="stmt"/>
        <line num="29" count="2" type="cond" truecount="1" falsecount="1"/>
        <line num="31" count="2" type="stmt"/>
        <line num="32" count="2" type="cond" truecount="1" falsecount="1"/>
        <line num="37" count="0" type="stmt"/>
        <line num="38" count="0" type="stmt"/>
        <line num="42" count="2" type="stmt"/>
        <line num="43" count="0" type="stmt"/>
        <line num="46" count="2" type="cond" truecount="1" falsecount="1"/>
        <line num="47" count="2" type="stmt"/>
        <line num="52" count="0" type="stmt"/>
        <line num="70" count="1" type="stmt"/>
      </file>
    </package>
    <package name="wonderWeather.__mockData__">
      <metrics statements="3" coveredstatements="3" conditionals="0" coveredconditionals="0" methods="0" coveredmethods="0"/>
      <file name="index.js" path="/Users/eliseodiazmedina/Workspace/react-native/wonderWeather/__mockData__/index.js">
        <metrics statements="3" coveredstatements="3" conditionals="0" coveredconditionals="0" methods="0" coveredmethods="0"/>
        <line num="1" count="1" type="stmt"/>
        <line num="20" count="1" type="stmt"/>
        <line num="31" count="1" type="stmt"/>
      </file>
    </package>
    <package name="wonderWeather.components.ForecastContainer">
      <metrics statements="3" coveredstatements="3" conditionals="0" coveredconditionals="0" methods="2" coveredmethods="2"/>
      <file name="ForecastContainer.js" path="/Users/eliseodiazmedina/Workspace/react-native/wonderWeather/components/ForecastContainer/ForecastContainer.js">
        <metrics statements="3" coveredstatements="3" conditionals="0" coveredconditionals="0" methods="2" coveredmethods="2"/>
        <line num="8" count="1" type="stmt"/>
        <line num="15" count="5" type="stmt"/>
        <line num="33" count="1" type="stmt"/>
      </file>
    </package>
    <package name="wonderWeather.components.MainWeatherCard">
      <metrics statements="3" coveredstatements="3" conditionals="2" coveredconditionals="2" methods="1" coveredmethods="1"/>
      <file name="MainWeatherCard.js" path="/Users/eliseodiazmedina/Workspace/react-native/wonderWeather/components/MainWeatherCard/MainWeatherCard.js">
        <metrics statements="3" coveredstatements="3" conditionals="2" coveredconditionals="2" methods="1" coveredmethods="1"/>
        <line num="7" count="3" type="stmt"/>
        <line num="8" count="3" type="stmt"/>
        <line num="34" count="1" type="stmt"/>
      </file>
    </package>
  </project>
</coverage>
