{"/Users/eliseodiazmedina/Workspace/react-native/wonderWeather/App.js": {"path":"/Users/eliseodiazmedina/Workspace/react-native/wonderWeather/App.js","statementMap":{"0":{"start":{"line":19,"column":12},"end":{"line":68,"column":1}},"1":{"start":{"line":20,"column":38},"end":{"line":20,"column":60}},"2":{"start":{"line":21,"column":42},"end":{"line":21,"column":54}},"3":{"start":{"line":22,"column":25},"end":{"line":22,"column":38}},"4":{"start":{"line":23,"column":27},"end":{"line":23,"column":54}},"5":{"start":{"line":24,"column":47},"end":{"line":27,"column":3}},"6":{"start":{"line":29,"column":28},"end":{"line":29,"column":83}},"7":{"start":{"line":31,"column":2},"end":{"line":40,"column":48}},"8":{"start":{"line":32,"column":4},"end":{"line":39,"column":5}},"9":{"start":{"line":37,"column":6},"end":{"line":37,"column":51}},"10":{"start":{"line":38,"column":6},"end":{"line":38,"column":36}},"11":{"start":{"line":42,"column":23},"end":{"line":44,"column":8}},"12":{"start":{"line":43,"column":4},"end":{"line":43,"column":28}},"13":{"start":{"line":46,"column":2},"end":{"line":50,"column":3}},"14":{"start":{"line":47,"column":4},"end":{"line":49,"column":26}},"15":{"start":{"line":52,"column":2},"end":{"line":67,"column":4}},"16":{"start":{"line":70,"column":15},"end":{"line":90,"column":2}}},"fnMap":{"0":{"name":"(anonymous_0)","decl":{"start":{"line":19,"column":12},"end":{"line":19,"column":13}},"loc":{"start":{"line":19,"column":18},"end":{"line":68,"column":1}},"line":19},"1":{"name":"(anonymous_1)","decl":{"start":{"line":31,"column":12},"end":{"line":31,"column":13}},"loc":{"start":{"line":31,"column":18},"end":{"line":40,"column":3}},"line":31},"2":{"name":"(anonymous_2)","decl":{"start":{"line":42,"column":35},"end":{"line":42,"column":36}},"loc":{"start":{"line":42,"column":47},"end":{"line":44,"column":3}},"line":42}},"branchMap":{"0":{"loc":{"start":{"line":29,"column":28},"end":{"line":29,"column":83}},"type":"binary-expr","locations":[{"start":{"line":29,"column":28},"end":{"line":29,"column":40}},{"start":{"line":29,"column":44},"end":{"line":29,"column":83}}],"line":29},"1":{"loc":{"start":{"line":32,"column":4},"end":{"line":39,"column":5}},"type":"if","locations":[{"start":{"line":32,"column":4},"end":{"line":39,"column":5}},{"start":{},"end":{}}],"line":32},"2":{"loc":{"start":{"line":33,"column":6},"end":{"line":35,"column":46}},"type":"binary-expr","locations":[{"start":{"line":33,"column":6},"end":{"line":33,"column":27}},{"start":{"line":34,"column":6},"end":{"line":34,"column":23}},{"start":{"line":35,"column":6},"end":{"line":35,"column":46}}],"line":33},"3":{"loc":{"start":{"line":46,"column":2},"end":{"line":50,"column":3}},"type":"if","locations":[{"start":{"line":46,"column":2},"end":{"line":50,"column":3}},{"start":{},"end":{}}],"line":46}},"s":{"0":1,"1":2,"2":2,"3":2,"4":2,"5":2,"6":2,"7":2,"8":2,"9":0,"10":0,"11":2,"12":0,"13":2,"14":2,"15":0,"16":1},"f":{"0":2,"1":2,"2":0},"b":{"0":[2,0],"1":[0,2],"2":[2,0,0],"3":[2,0]},"_coverageSchema":"1a1c01bbd47fc00a2c39e90264f33305004495a9","hash":"73fd697f3a19f5cf73eac1b229f49dc52c4254a5"}
,"/Users/eliseodiazmedina/Workspace/react-native/wonderWeather/__mockData__/index.js": {"path":"/Users/eliseodiazmedina/Workspace/react-native/wonderWeather/__mockData__/index.js","statementMap":{"0":{"start":{"line":1,"column":24},"end":{"line":18,"column":3}},"1":{"start":{"line":20,"column":24},"end":{"line":29,"column":3}},"2":{"start":{"line":31,"column":28},"end":{"line":62,"column":3}}},"fnMap":{},"branchMap":{},"s":{"0":1,"1":1,"2":1},"f":{},"b":{},"_coverageSchema":"1a1c01bbd47fc00a2c39e90264f33305004495a9","hash":"aedea79336e9311350ca4798c98b6164e1be34f9"}
,"/Users/eliseodiazmedina/Workspace/react-native/wonderWeather/components/ForecastContainer/ForecastContainer.js": {"path":"/Users/eliseodiazmedina/Workspace/react-native/wonderWeather/components/ForecastContainer/ForecastContainer.js","statementMap":{"0":{"start":{"line":8,"column":4},"end":{"line":30,"column":5}},"1":{"start":{"line":15,"column":28},"end":{"line":24,"column":29}},"2":{"start":{"line":33,"column":15},"end":{"line":44,"column":2}}},"fnMap":{"0":{"name":"ForecastContainer","decl":{"start":{"line":7,"column":9},"end":{"line":7,"column":26}},"loc":{"start":{"line":7,"column":45},"end":{"line":31,"column":1}},"line":7},"1":{"name":"(anonymous_1)","decl":{"start":{"line":14,"column":41},"end":{"line":14,"column":42}},"loc":{"start":{"line":14,"column":50},"end":{"line":25,"column":25}},"line":14}},"branchMap":{},"s":{"0":1,"1":5,"2":1},"f":{"0":1,"1":5},"b":{},"_coverageSchema":"1a1c01bbd47fc00a2c39e90264f33305004495a9","hash":"6ca43484e016bcae426c2793cae9c4613350e536"}
,"/Users/eliseodiazmedina/Workspace/react-native/wonderWeather/components/MainWeatherCard/MainWeatherCard.js": {"path":"/Users/eliseodiazmedina/Workspace/react-native/wonderWeather/components/MainWeatherCard/MainWeatherCard.js","statementMap":{"0":{"start":{"line":7,"column":58},"end":{"line":7,"column":66}},"1":{"start":{"line":8,"column":2},"end":{"line":29,"column":4}},"2":{"start":{"line":34,"column":15},"end":{"line":73,"column":2}}},"fnMap":{"0":{"name":"MainWeatherCard","decl":{"start":{"line":5,"column":9},"end":{"line":5,"column":24}},"loc":{"start":{"line":5,"column":58},"end":{"line":30,"column":1}},"line":5}},"branchMap":{"0":{"loc":{"start":{"line":12,"column":11},"end":{"line":16,"column":11}},"type":"binary-expr","locations":[{"start":{"line":12,"column":11},"end":{"line":12,"column":37}},{"start":{"line":13,"column":12},"end":{"line":15,"column":19}}],"line":12}},"s":{"0":3,"1":3,"2":1},"f":{"0":3},"b":{"0":[3,3]},"_coverageSchema":"1a1c01bbd47fc00a2c39e90264f33305004495a9","hash":"739e73504b82dda893c636f2dc5f4556ab4c71ba"}
}
