TN:
SF:App.js
FN:19,(anonymous_0)
FN:31,(anonymous_1)
FN:42,(anonymous_2)
FNF:3
FNH:2
FNDA:2,(anonymous_0)
FNDA:2,(anonymous_1)
FNDA:0,(anonymous_2)
DA:19,1
DA:20,2
DA:21,2
DA:22,2
DA:23,2
DA:24,2
DA:29,2
DA:31,2
DA:32,2
DA:37,0
DA:38,0
DA:42,2
DA:43,0
DA:46,2
DA:47,2
DA:52,0
DA:70,1
LF:17
LH:13
BRDA:29,0,0,2
BRDA:29,0,1,0
BRDA:32,1,0,0
BRDA:32,1,1,2
BRDA:33,2,0,2
BRDA:33,2,1,0
BRDA:33,2,2,0
BRDA:46,3,0,2
BRDA:46,3,1,0
BRF:9
BRH:4
end_of_record
TN:
SF:__mockData__/index.js
FNF:0
FNH:0
DA:1,1
DA:20,1
DA:31,1
LF:3
LH:3
BRF:0
BRH:0
end_of_record
TN:
SF:components/ForecastContainer/ForecastContainer.js
FN:7,ForecastContainer
FN:14,(anonymous_1)
FNF:2
FNH:2
FNDA:1,ForecastContainer
FNDA:5,(anonymous_1)
DA:8,1
DA:15,5
DA:33,1
LF:3
LH:3
BRF:0
BRH:0
end_of_record
TN:
SF:components/MainWeatherCard/MainWeatherCard.js
FN:5,MainWeatherCard
FNF:1
FNH:1
FNDA:3,MainWeatherCard
DA:7,3
DA:8,3
DA:34,1
LF:3
LH:3
BRDA:12,0,0,3
BRDA:12,0,1,3
BRF:2
BRH:2
end_of_record
